make all --print-data-base --no-builtin-variables --no-builtin-rules --question
# GNU Make 3.81
# Copyright (C) 2006  Free Software Foundation, Inc.
# This is free software; see the source for copying conditions.
# There is NO warranty; not even for MERCHANTABILITY or FITNESS FOR A
# PARTICULAR PURPOSE.

# This program built for i386-apple-darwin11.3.0
 

# Make data base, printed on Fri Feb  4 10:02:13 2022

# Variables

 
# automatic
<D = $(patsubst %/,%,$(dir $<))
# automatic
?F = $(notdir $?)
# environment
ELECTRON_NO_ATTACH_CONSOLE = 1
# environment
gvm_go_name = go1.16.3
# environment
LC_CTYPE = UTF-8
# environment
VSCODE_LOG_NATIVE = false
# environment
NVM_INC = /Users/hardy/.nvm/versions/node/v14.16.0/include/node
# automatic
?D = $(patsubst %/,%,$(dir $?))
# environment
BASH_SILENCE_DEPRECATION_WARNING = 1
# automatic
@D = $(patsubst %/,%,$(dir $@))
# automatic
@F = $(notdir $@)
# makefile
CURDIR := /Users/hardy/work/cb/preview-sample-app
# makefile
SHELL = /bin/sh
# environment
VSCODE_NLS_CONFIG = {"locale":"en-gb","availableLanguages":{},"_languagePackSupport":true}
# environment
_ = /usr/bin/make
# environment
GH_HF_BEE_BOT_TOKEN = 7f40890c926bee8549bd1099ee04eb3ec980a7d1
# environment
GVM_ROOT = /Users/hardy/.gvm
# environment
BASH_INITIALIZED = Yes
# makefile (from `Makefile', line 1)
MAKEFILE_LIST :=  Makefile
# environment
JAVA_HOME = /Library/Java/JavaVirtualMachines/openjdk-14.0.2.jdk/Contents/Home/
# environment
HISTCONTROL = ignoredups
# makefile (from `Makefile', line 3)
VERSION = $(shell git rev-parse HEAD)
# environment
VSCODE_VERBOSE_LOGGING = true
# environment
GVM_PATH_BACKUP = /Users/hardy/.gvm/bin:/usr/local/opt/curl/bin:/Users/hardy/bin:/Users/hardy/.krew/bin:/usr/local/bin:/usr/bin:/bin:/usr/sbin:/sbin:/usr/local/MacGPG2/bin:/opt/X11/bin:/Applications/Wireshark.app/Contents/MacOS
# environment
VSCODE_IPC_HOOK_EXTHOST = /var/folders/2s/2kk00gkj3_n2gm57ncc6qqvm0000gn/T/vscode-ipc-308f7740-f437-4fa3-9bd2-d09112376699.sock
# environment
VSCODE_CWD = /Users/hardy/work/cb/preview-sample-app
# environment
PATH = /opt/local/bin:/opt/local/sbin:/opt/local/bin:/opt/local/sbin:/Users/hardy/.nvm/versions/node/v14.16.0/bin:/Users/hardy/.rbenv/shims:/Users/hardy/.gvm/gos/go1.16.3/bin:/Users/hardy/work/go/bin:/Applications/Visual Studio Code.app/Contents/Resources/app/bin:/Users/hardy/.gvm/pkgsets/go1.16.3/global/bin:/Users/hardy/.gvm/gos/go1.16.3/bin:/Users/hardy/.gvm/pkgsets/go1.16.3/global/overlay/bin:/Users/hardy/.gvm/bin:/Users/hardy/.gvm/bin:/usr/local/opt/curl/bin:/Users/hardy/bin:/Users/hardy/.krew/bin:/usr/local/bin:/usr/bin:/bin:/usr/sbin:/sbin:/usr/local/MacGPG2/bin:/opt/X11/bin:/Applications/Wireshark.app/Contents/MacOS:/Users/hardy/work/google-cloud-sdk/bin
# environment
ITERM_PREV_PS1 = \[]133;D;$?]133;A\][\u@\h \w$(__git_ps1 " (%s)")]\$ \[]133;B\]
# environment
GOROOT = /Users/hardy/.gvm/gos/go1.16.3
# environment
GOPATH = /Users/hardy/work/go
# environment
NVM_BIN = /Users/hardy/.nvm/versions/node/v14.16.0/bin
# environment
LaunchInstanceID = 0E0F3D80-7139-4FB8-A3A9-D81422BC098E
# environment
VSCODE_LOG_STACK = false
# environment
ELECTRON_RUN_AS_NODE = 1
# default
.FEATURES := target-specific order-only second-expansion else-if archives jobserver check-symlink
# environment
SSH_AUTH_SOCK = /private/tmp/com.apple.launchd.rW3de6jAOC/Listeners
# automatic
%F = $(notdir $%)
# environment
DISPLAY = /private/tmp/com.apple.launchd.OD9eECsQFB/org.macosforge.xquartz:0
# environment
ITERM_ORIG_PS1 = [\u@\h \w$(__git_ps1 " (%s)")]\$ 
# makefile (from `Makefile', line 2)
IMAGE = sample-app-minimal
# environment
VSCODE_PIPE_LOGGING = true
# environment
PWD = /Users/hardy/work/cb/preview-sample-app
# environment
LC_TERMINAL = iTerm2
# environment
PKG_CONFIG_PATH = /Users/hardy/.gvm/pkgsets/go1.16.3/global/overlay/lib/pkgconfig:
# environment
ORIGINAL_XDG_CURRENT_DESKTOP = undefined
# environment
VSCODE_AMD_ENTRYPOINT = vs/workbench/services/extensions/node/extensionHostProcess
# environment
HOME = /Users/hardy
# default
MAKEFILEPATH = $(shell /usr/bin/xcode-select -print-path 2>/dev/null || echo /Developer)/Makefiles
# environment
VSCODE_CLI = 1
# environment
VSCODE_CODE_CACHE_PATH = /Users/hardy/Library/Application Support/Code/CachedData/899d46d82c4c95423fb7e10e68eba52050e30ba3
# environment
LOGNAME = hardy
# environment
APPLICATION_INSIGHTS_NO_DIAGNOSTIC_CHANNEL = true
# makefile (from `Makefile', line 1)
REGISTRY = hferentschik
# environment
NVM_CD_FLAGS = 
# environment
VSCODE_HANDLES_UNCAUGHT_ERRORS = true
# automatic
^D = $(patsubst %/,%,$(dir $^))
# environment
GVM_VERSION = 1.0.22
# environment
XPC_FLAGS = 0x0
# environment
COLORTERM = truecolor
# default
MAKE = $(MAKE_COMMAND)
# environment
GC_PROJECT_ID = apps-dev-229310
# environment
SHLVL = 3
# environment
GVM_OVERLAY_PREFIX = /Users/hardy/.gvm/pkgsets/go1.16.3/global/overlay
# environment
SKIP_TEST = -Dmaven.test.skip=true
# environment
gvm_pkgset_name = global
# default
MAKE_VERSION := 3.81
# environment
USER = hardy
# makefile
.DEFAULT_GOAL := all
# default
MAKECMDGOALS := all
# environment
TERM_SESSION_ID = w0t4p0:A640EA1B-7384-4537-A095-81A2C8932BC0
# automatic
%D = $(patsubst %/,%,$(dir $%))
# environment
 
GH_TOKEN = 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
# environment
VISUAL_CODE_HOME = /Applications/Visual Studio Code.app/Contents/Resources/app
# default
MAKE_COMMAND := /Library/Developer/CommandLineTools/usr/bin/make
# environment
TERM_PROGRAM = iTerm.app
# default
.VARIABLES := 
# environment
TMPDIR = /var/folders/2s/2kk00gkj3_n2gm57ncc6qqvm0000gn/T/
# automatic
*F = $(notdir $*)
# environment
LANGUAGE = en_US.UTF-8
# environment
VSCODE_IPC_HOOK = /Users/hardy/Library/Application Support/Code/1.63.2-main.sock
# makefile
MAKEFLAGS = Rrqp
# environment
MFLAGS = -Rrqp
# automatic
*D = $(patsubst %/,%,$(dir $*))
# environment
TERM_PROGRAM_VERSION = 3.4.12
# environment
NVM_DIR = /Users/hardy/.nvm
# environment
XPC_SERVICE_NAME = 0
# environment
LC_TERMINAL_VERSION = 3.4.12
# automatic
+D = $(patsubst %/,%,$(dir $+))
# automatic
+F = $(notdir $+)
# environment
ITERM_SESSION_ID = w0t4p0:A640EA1B-7384-4537-A095-81A2C8932BC0
# environment
COLORFGBG = 7;0
# environment
__CF_USER_TEXT_ENCODING = 0x1F5:0x0:0x0
# environment
COMMAND_MODE = unix2003
# default
MAKEFILES := 
# environment
RBENV_SHELL = bash
# automatic
<F = $(notdir $<)
# environment
ITERM_PROFILE = Default
# environment
LC_ALL = C
# environment
MAILCHECK = -1
# environment
SECURITYSESSIONID = 186a7
# automatic
^F = $(notdir $^)
# environment
GRADLE_OPTS = -Xms1024m -Xmx2048m
# default
SUFFIXES := 
# default
.INCLUDE_DIRS = /usr/local/include
# environment
MAKELEVEL := 0
# environment
PYTHONWARNINGS = ignore:Unverified HTTPS request
# environment
MAVEN_OPTS = -Xmx1024m
# environment
LANG = C
# environment
TERM = xterm-256color
# environment
VSCODE_PID = 15505
# variable set hash-table stats:
# Load=110/1024=11%, Rehash=0, Collisions=17/144=12%

# Pattern-specific Variable Values

# No pattern-specific variable values.

# Directories

# . (device 16777223, inode 39742627): 12 files, no impossibilities.

# 12 files, no impossibilities in 1 directories.

# Implicit Rules

# No implicit rules.

# Files

all: docker-build
#  Command-line target.
#  Implicit rule search has been done.
#  File does not exist.
#  File has been updated.
#  Needs to be updated (-q is set).
# variable set hash-table stats:
# Load=0/32=0%, Rehash=0, Collisions=0/7=0%

kind-load-image: docker-build
#  Implicit rule search has not been done.
#  Modification time never checked.
#  File has not been updated.
#  commands to execute (from `Makefile', line 14):
	kind load docker-image $(REGISTRY)/$(IMAGE):$(VERSION)
	

docker-build:
#  Implicit rule search has not been done.
#  Implicit/static pattern stem: `'
#  File does not exist.
#  File has been updated.
#  Needs to be updated (-q is set).
# automatic
# @ := docker-build
 
# automatic
# % := 
# automatic
# * := 
# automatic
# + := 
# automatic
# | := 
# automatic
# < := 
# automatic
# ^ := 
# automatic
# ? := 
# variable set hash-table stats:
# Load=8/32=25%, Rehash=0, Collisions=3/15=20%
#  commands to execute (from `Makefile', line 8):
	docker build -t $(REGISTRY)/$(IMAGE):$(VERSION) .
	

# Not a target:
.SUFFIXES:
#  Implicit rule search has not been done.
#  Modification time never checked.
#  File has not been updated.

# Not a target:
Makefile:
#  Implicit rule search has been done.
#  Last modified 2021-03-04 12:55:15
#  File has been updated.
#  Successfully updated.
# variable set hash-table stats:
# Load=0/32=0%, Rehash=0, Collisions=0/0=0%

# Not a target:
.DEFAULT:
#  Implicit rule search has not been done.
#  Modification time never checked.
#  File has not been updated.

docker-push: docker-build
#  Implicit rule search has not been done.
#  Modification time never checked.
#  File has not been updated.
#  commands to execute (from `Makefile', line 11):
	docker push $(REGISTRY)/$(IMAGE):$(VERSION)	
	

# files hash-table stats:
# Load=7/1024=1%, Rehash=0, Collisions=0/24=0%
# VPATH Search Paths

# No `vpath' search paths.

# No general (`VPATH' variable) search path.

# # of strings in strcache: 1
# # of strcache buffers: 1
# strcache size: total = 4096 / max = 4096 / min = 4096 / avg = 4096
# strcache free: total = 4087 / max = 4087 / min = 4087 / avg = 4087

# Finished Make data base on Fri Feb  4 10:02:13 2022

 
